  [1m[35m (1299.9ms)[0m  [1m[35mCREATE DATABASE "blogging_backend_development" ENCODING = 'unicode'[0m
  [1m[35m (342.6ms)[0m  [1m[35mCREATE DATABASE "blogging_backend_test" ENCODING = 'unicode'[0m
Started GET "/" for 127.0.0.1 at 2024-05-22 11:23:59 +0000
  [1m[35m (73.2ms)[0m  [1m[35mCREATE TABLE "schema_migrations" ("version" character varying NOT NULL PRIMARY KEY)[0m
  [1m[35m (12.3ms)[0m  [1m[35mCREATE TABLE "ar_internal_metadata" ("key" character varying NOT NULL PRIMARY KEY, "value" character varying, "created_at" timestamp(6) NOT NULL, "updated_at" timestamp(6) NOT NULL)[0m
  [1m[36mActiveRecord::SchemaMigration Load (3.6ms)[0m  [1m[34mSELECT "schema_migrations"."version" FROM "schema_migrations" ORDER BY "schema_migrations"."version" ASC[0m
Processing by Rails::WelcomeController#index as HTML
  Rendering /Users/mrblue/.rbenv/versions/3.2.2/lib/ruby/gems/3.2.0/gems/railties-7.1.3.3/lib/rails/templates/rails/welcome/index.html.erb
  Rendered /Users/mrblue/.rbenv/versions/3.2.2/lib/ruby/gems/3.2.0/gems/railties-7.1.3.3/lib/rails/templates/rails/welcome/index.html.erb (Duration: 4.1ms | Allocations: 376)
Completed 200 OK in 374ms (Views: 62.8ms | ActiveRecord: 0.0ms | Allocations: 7744)


  [1m[36mActiveRecord::SchemaMigration Load (4.0ms)[0m  [1m[34mSELECT "schema_migrations"."version" FROM "schema_migrations" ORDER BY "schema_migrations"."version" ASC[0m
  [1m[35m (1.1ms)[0m  [1m[34mSELECT pg_try_advisory_lock(3869436693276151305)[0m
  [1m[36mActiveRecord::SchemaMigration Load (3.2ms)[0m  [1m[34mSELECT "schema_migrations"."version" FROM "schema_migrations" ORDER BY "schema_migrations"."version" ASC[0m
  [1m[36mActiveRecord::InternalMetadata Load (27.4ms)[0m  [1m[34mSELECT * FROM "ar_internal_metadata" WHERE "ar_internal_metadata"."key" = $1 ORDER BY "ar_internal_metadata"."key" ASC LIMIT 1[0m  [[nil, "environment"]]
  [1m[36mActiveRecord::InternalMetadata Create (64.9ms)[0m  [1m[32mINSERT INTO "ar_internal_metadata" ("key", "value", "created_at", "updated_at") VALUES ('environment', 'development', '2024-05-22 11:44:11.696018', '2024-05-22 11:44:11.696031') RETURNING "key"[0m
Migrating to CreateArticles (20240522113946)
  [1m[36mTRANSACTION (0.9ms)[0m  [1m[35mBEGIN[0m
  [1m[35m (41.6ms)[0m  [1m[35mCREATE TABLE "articles" ("id" bigserial primary key, "title" character varying, "comment" character varying, "picture" character varying, "created_at" timestamp(6) NOT NULL, "updated_at" timestamp(6) NOT NULL)[0m
  [1m[36mActiveRecord::SchemaMigration Create (2.2ms)[0m  [1m[32mINSERT INTO "schema_migrations" ("version") VALUES ('20240522113946') RETURNING "version"[0m
  [1m[36mTRANSACTION (2.6ms)[0m  [1m[35mCOMMIT[0m
  [1m[35m (2.0ms)[0m  [1m[34mSELECT pg_advisory_unlock(3869436693276151305)[0m
  [1m[36mActiveRecord::SchemaMigration Load (1.2ms)[0m  [1m[34mSELECT "schema_migrations"."version" FROM "schema_migrations" ORDER BY "schema_migrations"."version" ASC[0m
  [1m[36mActiveRecord::SchemaMigration Load (2.9ms)[0m  [1m[34mSELECT "schema_migrations"."version" FROM "schema_migrations" ORDER BY "schema_migrations"."version" ASC[0m
Started GET "/" for 127.0.0.1 at 2024-05-22 12:06:14 +0000
  [1m[36mActiveRecord::SchemaMigration Load (4.5ms)[0m  [1m[34mSELECT "schema_migrations"."version" FROM "schema_migrations" ORDER BY "schema_migrations"."version" ASC[0m
Processing by Rails::WelcomeController#index as HTML
  Rendering /Users/mrblue/.rbenv/versions/3.2.2/lib/ruby/gems/3.2.0/gems/railties-7.1.3.3/lib/rails/templates/rails/welcome/index.html.erb
  Rendered /Users/mrblue/.rbenv/versions/3.2.2/lib/ruby/gems/3.2.0/gems/railties-7.1.3.3/lib/rails/templates/rails/welcome/index.html.erb (Duration: 5.2ms | Allocations: 376)
Completed 200 OK in 113ms (Views: 23.6ms | ActiveRecord: 0.0ms | Allocations: 4200)


Started GET "/articles" for 127.0.0.1 at 2024-05-22 12:06:19 +0000
Processing by ArticlesController#index as HTML
Completed 500 Internal Server Error in 562ms (ActiveRecord: 0.0ms | Allocations: 6697)


  
NoMethodError (undefined method `rescue_from' for Article:Class):
  
app/models/article.rb:2:in `<class:Article>'
app/models/article.rb:1:in `<main>'
app/controllers/articles_controller.rb:3:in `index'
Started GET "/favicon.ico" for 127.0.0.1 at 2024-05-22 12:06:23 +0000
  
ActionController::RoutingError (No route matches [GET] "/favicon.ico"):
  
Started GET "/article" for 127.0.0.1 at 2024-05-22 12:06:44 +0000
  
ActionController::RoutingError (No route matches [GET] "/article"):
  
Started GET "/articles" for 127.0.0.1 at 2024-05-22 12:06:57 +0000
Processing by ArticlesController#index as HTML
Completed 500 Internal Server Error in 82ms (ActiveRecord: 0.0ms | Allocations: 901)


  
NoMethodError (undefined method `rescue_from' for Article:Class):
  
app/models/article.rb:2:in `<class:Article>'
app/models/article.rb:1:in `<main>'
app/controllers/articles_controller.rb:3:in `index'
Started GET "/articles" for 127.0.0.1 at 2024-05-22 12:07:37 +0000
Processing by ArticlesController#index as HTML
Completed 500 Internal Server Error in 15ms (ActiveRecord: 0.0ms | Allocations: 247)


  
SyntaxError (/Users/mrblue/Desktop/Backend/blogging-backend/app/models/article.rb:2: syntax error, unexpected label
...veRecord::RecordNotFound, with: :render_not_found_response
...                          ^~~~~
/Users/mrblue/Desktop/Backend/blogging-backend/app/models/article.rb:3: syntax error, unexpected label
...ue Active::RecordInvalid, with: :render_unprocessable_entity...
...                          ^~~~~
):
  
app/models/article.rb:2: syntax error, unexpected label
app/models/article.rb:3: syntax error, unexpected label
app/controllers/articles_controller.rb:3:in `index'
Started GET "/articles" for 127.0.0.1 at 2024-05-22 12:08:04 +0000
Processing by ArticlesController#index as HTML
Completed 500 Internal Server Error in 74ms (ActiveRecord: 0.0ms | Allocations: 635)


  
NoMethodError (undefined method `rescue_from' for Article:Class):
  
app/models/article.rb:2:in `<class:Article>'
app/models/article.rb:1:in `<main>'
app/controllers/articles_controller.rb:3:in `index'
Started GET "/articles" for 127.0.0.1 at 2024-05-22 12:10:45 +0000
Processing by ArticlesController#index as HTML
Completed 500 Internal Server Error in 16ms (ActiveRecord: 0.0ms | Allocations: 632)


  
NoMethodError (undefined method `rescue_from' for Article:Class):
  
app/models/article.rb:2:in `<class:Article>'
app/models/article.rb:1:in `<main>'
app/controllers/articles_controller.rb:3:in `index'
Started GET "/articles" for 127.0.0.1 at 2024-05-22 12:13:05 +0000
Processing by ArticlesController#index as HTML
  [1m[36mArticle Load (21.7ms)[0m  [1m[34mSELECT "articles".* FROM "articles"[0m
  ↳ app/controllers/articles_controller.rb:3:in `index'
Completed 200 OK in 360ms (Views: 64.8ms | ActiveRecord: 97.5ms | Allocations: 6667)


  [1m[36mArticle Load (16.8ms)[0m  [1m[34mSELECT "articles".* FROM "articles" /* loading for pp */ LIMIT $1[0m  [["LIMIT", 11]]
  [1m[36mTRANSACTION (0.5ms)[0m  [1m[35mBEGIN[0m
  [1m[36mArticle Create (4.6ms)[0m  [1m[32mINSERT INTO "articles" ("title", "comment", "picture", "created_at", "updated_at") VALUES ($1, $2, $3, $4, $5) RETURNING "id"[0m  [["title", "Api"], ["comment", "first comment"], ["picture", "picture.png"], ["created_at", "2024-05-22 12:15:46.504685"], ["updated_at", "2024-05-22 12:15:46.504685"]]
  [1m[36mTRANSACTION (47.6ms)[0m  [1m[35mCOMMIT[0m
  [1m[36mArticle Load (18.2ms)[0m  [1m[34mSELECT "articles".* FROM "articles" /* loading for pp */ LIMIT $1[0m  [["LIMIT", 11]]
  [1m[36mTRANSACTION (0.7ms)[0m  [1m[35mBEGIN[0m
  [1m[36mArticle Create (2.9ms)[0m  [1m[32mINSERT INTO "articles" ("title", "comment", "picture", "created_at", "updated_at") VALUES ($1, $2, $3, $4, $5) RETURNING "id"[0m  [["title", "Post"], ["comment", "first comment"], ["picture", "picture.png"], ["created_at", "2024-05-22 12:16:19.149551"], ["updated_at", "2024-05-22 12:16:19.149551"]]
  [1m[36mTRANSACTION (23.5ms)[0m  [1m[35mCOMMIT[0m
Started GET "/articles" for 127.0.0.1 at 2024-05-22 12:16:50 +0000
  [1m[36mActiveRecord::SchemaMigration Load (2.8ms)[0m  [1m[34mSELECT "schema_migrations"."version" FROM "schema_migrations" ORDER BY "schema_migrations"."version" ASC[0m
Processing by ArticlesController#index as HTML
  [1m[36mArticle Load (3.4ms)[0m  [1m[34mSELECT "articles".* FROM "articles"[0m
  ↳ app/controllers/articles_controller.rb:3:in `index'
Completed 200 OK in 503ms (Views: 206.2ms | ActiveRecord: 60.9ms | Allocations: 21824)


Started GET "/articles/1" for 127.0.0.1 at 2024-05-22 12:18:59 +0000
Processing by ArticlesController#show as HTML
  Parameters: {"id"=>"1"}
Completed 500 Internal Server Error in 16ms (ActiveRecord: 0.0ms | Allocations: 148)


  
NoMethodError (undefined method `Article' for #<ArticlesController:0x00000000008b60>):
  
app/controllers/articles_controller.rb:7:in `show'
Started GET "/favicon.ico" for 127.0.0.1 at 2024-05-22 12:19:03 +0000
  
ActionController::RoutingError (No route matches [GET] "/favicon.ico"):
  
Started GET "/articles/1" for 127.0.0.1 at 2024-05-22 12:21:11 +0000
Processing by ArticlesController#show as HTML
  Parameters: {"id"=>"1"}
  [1m[36mArticle Load (1.3ms)[0m  [1m[34mSELECT "articles".* FROM "articles" WHERE "articles"."id" = $1 LIMIT $2[0m  [["id", 1], ["LIMIT", 1]]
  ↳ app/controllers/articles_controller.rb:7:in `show'
Completed 200 OK in 235ms (Views: 2.6ms | ActiveRecord: 26.8ms | Allocations: 5155)


Started GET "/articles/2" for 127.0.0.1 at 2024-05-22 12:21:20 +0000
Processing by ArticlesController#show as HTML
  Parameters: {"id"=>"2"}
  [1m[36mArticle Load (1.2ms)[0m  [1m[34mSELECT "articles".* FROM "articles" WHERE "articles"."id" = $1 LIMIT $2[0m  [["id", 2], ["LIMIT", 1]]
  ↳ app/controllers/articles_controller.rb:7:in `show'
Completed 200 OK in 11ms (Views: 1.2ms | ActiveRecord: 1.2ms | Allocations: 534)


Started GET "/articles" for 127.0.0.1 at 2024-05-22 12:22:19 +0000
Processing by ArticlesController#index as */*
  [1m[36mArticle Load (1.8ms)[0m  [1m[34mSELECT "articles".* FROM "articles"[0m
  ↳ app/controllers/articles_controller.rb:3:in `index'
Completed 200 OK in 16ms (Views: 13.4ms | ActiveRecord: 1.7ms | Allocations: 744)


Started POST "/articles" for 127.0.0.1 at 2024-05-22 12:23:59 +0000
Processing by ArticlesController#create as */*
Completed 500 Internal Server Error in 1ms (ActiveRecord: 0.0ms | Allocations: 112)


  
NameError (undefined local variable or method `article_params' for #<ArticlesController:0x0000000000c530>):
  
app/controllers/articles_controller.rb:22:in `create'
Started POST "/articles" for 127.0.0.1 at 2024-05-22 12:24:47 +0000
Processing by ArticlesController#create as */*
  [1m[36mTRANSACTION (0.7ms)[0m  [1m[35mBEGIN[0m
  ↳ app/controllers/articles_controller.rb:22:in `create'
  [1m[36mArticle Create (16.4ms)[0m  [1m[32mINSERT INTO "articles" ("title", "comment", "picture", "created_at", "updated_at") VALUES ($1, $2, $3, $4, $5) RETURNING "id"[0m  [["title", nil], ["comment", nil], ["picture", nil], ["created_at", "2024-05-22 12:24:50.296892"], ["updated_at", "2024-05-22 12:24:50.296892"]]
  ↳ app/controllers/articles_controller.rb:22:in `create'
  [1m[36mTRANSACTION (46.1ms)[0m  [1m[35mCOMMIT[0m
  ↳ app/controllers/articles_controller.rb:22:in `create'
Completed 201 Created in 262ms (Views: 2.1ms | ActiveRecord: 80.0ms | Allocations: 5615)


Started POST "/articles" for 127.0.0.1 at 2024-05-22 12:25:18 +0000
Processing by ArticlesController#create as */*
  [1m[36mTRANSACTION (0.5ms)[0m  [1m[35mBEGIN[0m
  ↳ app/controllers/articles_controller.rb:22:in `create'
  [1m[36mArticle Create (8.4ms)[0m  [1m[32mINSERT INTO "articles" ("title", "comment", "picture", "created_at", "updated_at") VALUES ($1, $2, $3, $4, $5) RETURNING "id"[0m  [["title", nil], ["comment", nil], ["picture", nil], ["created_at", "2024-05-22 12:25:18.225787"], ["updated_at", "2024-05-22 12:25:18.225787"]]
  ↳ app/controllers/articles_controller.rb:22:in `create'
  [1m[36mTRANSACTION (1.7ms)[0m  [1m[35mCOMMIT[0m
  ↳ app/controllers/articles_controller.rb:22:in `create'
Completed 201 Created in 42ms (Views: 1.1ms | ActiveRecord: 12.5ms | Allocations: 1637)


Started POST "/articles" for 127.0.0.1 at 2024-05-22 12:25:36 +0000
Processing by ArticlesController#create as */*
  Parameters: {"title"=>"Bonjour", "picture"=>"picture.jpg", "comment"=>"Comment", "article"=>{"title"=>"Bonjour", "comment"=>"Comment", "picture"=>"picture.jpg"}}
[31mUnpermitted parameter: :article. Context: { controller: ArticlesController, action: create, request: #<ActionDispatch::Request:0x000000011202c278>, params: {"title"=>"Bonjour", "picture"=>"picture.jpg", "comment"=>"Comment", "controller"=>"articles", "action"=>"create", "article"=>{"title"=>"Bonjour", "comment"=>"Comment", "picture"=>"picture.jpg"}} }[0m
  [1m[36mTRANSACTION (0.5ms)[0m  [1m[35mBEGIN[0m
  ↳ app/controllers/articles_controller.rb:22:in `create'
  [1m[36mArticle Create (7.0ms)[0m  [1m[32mINSERT INTO "articles" ("title", "comment", "picture", "created_at", "updated_at") VALUES ($1, $2, $3, $4, $5) RETURNING "id"[0m  [["title", "Bonjour"], ["comment", "Comment"], ["picture", "picture.jpg"], ["created_at", "2024-05-22 12:25:36.774842"], ["updated_at", "2024-05-22 12:25:36.774842"]]
  ↳ app/controllers/articles_controller.rb:22:in `create'
  [1m[36mTRANSACTION (36.1ms)[0m  [1m[35mCOMMIT[0m
  ↳ app/controllers/articles_controller.rb:22:in `create'
Completed 201 Created in 60ms (Views: 1.1ms | ActiveRecord: 43.5ms | Allocations: 1822)


Started DELETE "/articles/3" for 127.0.0.1 at 2024-05-22 12:26:00 +0000
Processing by ArticlesController#destroy as */*
  Parameters: {"title"=>"Bonjour", "picture"=>"picture.jpg", "comment"=>"Comment", "id"=>"3", "article"=>{"title"=>"Bonjour", "comment"=>"Comment", "picture"=>"picture.jpg"}}
  [1m[36mArticle Load (2.2ms)[0m  [1m[34mSELECT "articles".* FROM "articles" WHERE "articles"."id" = $1 LIMIT $2[0m  [["id", 3], ["LIMIT", 1]]
  ↳ app/controllers/articles_controller.rb:17:in `destroy'
  [1m[36mTRANSACTION (0.7ms)[0m  [1m[35mBEGIN[0m
  ↳ app/controllers/articles_controller.rb:17:in `destroy'
  [1m[36mArticle Destroy (160.2ms)[0m  [1m[31mDELETE FROM "articles" WHERE "articles"."id" = $1[0m  [["id", 3]]
  ↳ app/controllers/articles_controller.rb:17:in `destroy'
  [1m[36mTRANSACTION (4.3ms)[0m  [1m[35mCOMMIT[0m
  ↳ app/controllers/articles_controller.rb:17:in `destroy'
Completed 204 No Content in 193ms (ActiveRecord: 167.3ms | Allocations: 1932)


Started GET "/articles" for 127.0.0.1 at 2024-05-22 12:26:18 +0000
Processing by ArticlesController#index as */*
  Parameters: {"title"=>"Bonjour", "picture"=>"picture.jpg", "comment"=>"Comment", "article"=>{"title"=>"Bonjour", "comment"=>"Comment", "picture"=>"picture.jpg"}}
  [1m[36mArticle Load (2.2ms)[0m  [1m[34mSELECT "articles".* FROM "articles"[0m
  ↳ app/controllers/articles_controller.rb:3:in `index'
Completed 200 OK in 15ms (Views: 12.1ms | ActiveRecord: 2.2ms | Allocations: 834)


Started DELETE "/articles/5" for 127.0.0.1 at 2024-05-22 12:26:47 +0000
Processing by ArticlesController#destroy as */*
  Parameters: {"title"=>"Bonjour", "picture"=>"picture.jpg", "comment"=>"Comment", "id"=>"5", "article"=>{"title"=>"Bonjour", "comment"=>"Comment", "picture"=>"picture.jpg"}}
  [1m[36mArticle Load (1.9ms)[0m  [1m[34mSELECT "articles".* FROM "articles" WHERE "articles"."id" = $1 LIMIT $2[0m  [["id", 5], ["LIMIT", 1]]
  ↳ app/controllers/articles_controller.rb:17:in `destroy'
  [1m[36mTRANSACTION (1.0ms)[0m  [1m[35mBEGIN[0m
  ↳ app/controllers/articles_controller.rb:17:in `destroy'
  [1m[36mArticle Destroy (10.4ms)[0m  [1m[31mDELETE FROM "articles" WHERE "articles"."id" = $1[0m  [["id", 5]]
  ↳ app/controllers/articles_controller.rb:17:in `destroy'
  [1m[36mTRANSACTION (1.6ms)[0m  [1m[35mCOMMIT[0m
  ↳ app/controllers/articles_controller.rb:17:in `destroy'
Completed 204 No Content in 39ms (ActiveRecord: 14.6ms | Allocations: 1623)


Started GET "/articles/" for 127.0.0.1 at 2024-05-22 12:27:04 +0000
Processing by ArticlesController#index as */*
  Parameters: {"title"=>"Bonjour", "picture"=>"picture.jpg", "comment"=>"Comment", "article"=>{"title"=>"Bonjour", "comment"=>"Comment", "picture"=>"picture.jpg"}}
  [1m[36mArticle Load (1.7ms)[0m  [1m[34mSELECT "articles".* FROM "articles"[0m
  ↳ app/controllers/articles_controller.rb:3:in `index'
Completed 200 OK in 26ms (Views: 24.0ms | ActiveRecord: 1.6ms | Allocations: 755)


Started GET "/articles/" for 127.0.0.1 at 2024-05-22 12:27:16 +0000
Processing by ArticlesController#index as */*
  Parameters: {"title"=>"Bonjour", "picture"=>"picture.jpg", "comment"=>"Comment", "article"=>{"title"=>"Bonjour", "comment"=>"Comment", "picture"=>"picture.jpg"}}
  [1m[36mArticle Load (1.7ms)[0m  [1m[34mSELECT "articles".* FROM "articles"[0m
  ↳ app/controllers/articles_controller.rb:3:in `index'
Completed 200 OK in 12ms (Views: 9.5ms | ActiveRecord: 1.7ms | Allocations: 754)


Started GET "/articles/2" for 127.0.0.1 at 2024-05-22 12:30:54 +0000
  [1m[36mActiveRecord::SchemaMigration Load (3.8ms)[0m  [1m[34mSELECT "schema_migrations"."version" FROM "schema_migrations" ORDER BY "schema_migrations"."version" ASC[0m
Processing by ArticlesController#show as HTML
  Parameters: {"id"=>"2"}
  [1m[36mArticle Load (2.1ms)[0m  [1m[34mSELECT "articles".* FROM "articles" WHERE "articles"."id" = $1 LIMIT $2[0m  [["id", 2], ["LIMIT", 1]]
  ↳ app/controllers/articles_controller.rb:17:in `show'
Completed 200 OK in 608ms (Views: 2.1ms | ActiveRecord: 95.7ms | Allocations: 22369)


Started GET "/articles/3" for 127.0.0.1 at 2024-05-22 12:31:01 +0000
Processing by ArticlesController#show as HTML
  Parameters: {"id"=>"3"}
  [1m[36mArticle Load (1.4ms)[0m  [1m[34mSELECT "articles".* FROM "articles" WHERE "articles"."id" = $1 LIMIT $2[0m  [["id", 3], ["LIMIT", 1]]
  ↳ app/controllers/articles_controller.rb:17:in `show'
Completed 404 Not Found in 11ms (Views: 1.0ms | ActiveRecord: 1.3ms | Allocations: 538)


Started GET "/articles/3" for 127.0.0.1 at 2024-05-22 12:31:34 +0000
Processing by ArticlesController#show as HTML
  Parameters: {"id"=>"3"}
  [1m[36mArticle Load (1.3ms)[0m  [1m[34mSELECT "articles".* FROM "articles" WHERE "articles"."id" = $1 LIMIT $2[0m  [["id", 3], ["LIMIT", 1]]
  ↳ app/controllers/articles_controller.rb:17:in `show'
Completed 404 Not Found in 89ms (Views: 1.6ms | ActiveRecord: 15.2ms | Allocations: 1754)


Started GET "/articles/3" for 127.0.0.1 at 2024-05-22 12:31:39 +0000
Processing by ArticlesController#show as HTML
  Parameters: {"id"=>"3"}
  [1m[36mArticle Load (1.5ms)[0m  [1m[34mSELECT "articles".* FROM "articles" WHERE "articles"."id" = $1 LIMIT $2[0m  [["id", 3], ["LIMIT", 1]]
  ↳ app/controllers/articles_controller.rb:17:in `show'
Completed 404 Not Found in 12ms (Views: 1.0ms | ActiveRecord: 1.5ms | Allocations: 499)


